Using pre-set license
Built from '2020.3/staging' branch; Version is '2020.3.4f1 (0abb6314276a) revision 703331'; Using compiler version '192528614'; Build Type 'Release'
OS: 'Windows 10 Home; OS build 19042.1165; Version 2009; 64bit' Language: 'en' Physical Memory: 15731 MB
BatchMode: 1, IsHumanControllingUs: 0, StartBugReporterOnCrash: 0, Is64bit: 1, IsPro: 0

 COMMAND LINE ARGUMENTS:
C:\Program Files\Unity\Hub\Editor\2020.3.4f1\Editor\Unity.exe
-adb2
-batchMode
-noUpm
-name
AssetImportWorker0
-projectPath
C:/Users/iram6/Desktop/Dev/Unity Projects/DomestikaProject
-logFile
Logs/AssetImportWorker0.log
-srvPort
51537
Successfully changed project path to: C:/Users/iram6/Desktop/Dev/Unity Projects/DomestikaProject
C:/Users/iram6/Desktop/Dev/Unity Projects/DomestikaProject
Using Asset Import Pipeline V2.
Refreshing native plugins compatible for Editor in 55.01 ms, found 1 plugins.
Preloading 0 native plugins for Editor in 0.00 ms.
Initialize engine version: 2020.3.4f1 (0abb6314276a)
[Subsystems] Discovering subsystems at path C:/Program Files/Unity/Hub/Editor/2020.3.4f1/Editor/Data/Resources/UnitySubsystems
[Subsystems] Discovering subsystems at path C:/Users/iram6/Desktop/Dev/Unity Projects/DomestikaProject/Assets
GfxDevice: creating device client; threaded=0
Direct3D:
    Version:  Direct3D 11.0 [level 11.1]
    Renderer: NVIDIA GeForce GTX 1660 Ti (ID=0x2191)
    Vendor:   
    VRAM:     5991 MB
    Driver:   30.0.14.7111
Initialize mono
Mono path[0] = 'C:/Program Files/Unity/Hub/Editor/2020.3.4f1/Editor/Data/Managed'
Mono path[1] = 'C:/Program Files/Unity/Hub/Editor/2020.3.4f1/Editor/Data/MonoBleedingEdge/lib/mono/unityjit'
Mono config path = 'C:/Program Files/Unity/Hub/Editor/2020.3.4f1/Editor/Data/MonoBleedingEdge/etc'
Using monoOptions --debugger-agent=transport=dt_socket,embedding=1,server=y,suspend=n,address=127.0.0.1:56884
Begin MonoManager ReloadAssembly
Registering precompiled unity dll's ...
Register platform support module: C:/Program Files/Unity/Hub/Editor/2020.3.4f1/Editor/Data/PlaybackEngines/WebGLSupport/UnityEditor.WebGL.Extensions.dll
Register platform support module: C:/Program Files/Unity/Hub/Editor/2020.3.4f1/Editor/Data/PlaybackEngines/WindowsStandaloneSupport/UnityEditor.WindowsStandalone.Extensions.dll
Register platform support module: C:/Program Files/Unity/Hub/Editor/2020.3.4f1/Editor/Data/PlaybackEngines/LinuxStandaloneSupport/UnityEditor.LinuxStandalone.Extensions.dll
Registered in 0.004925 seconds.
Native extension for LinuxStandalone target not found
Native extension for WindowsStandalone target not found
Native extension for WebGL target not found
Refreshing native plugins compatible for Editor in 61.93 ms, found 1 plugins.
Preloading 0 native plugins for Editor in 0.00 ms.
Mono: successfully reloaded assembly
- Completed reload, in  3.624 seconds
Platform modules already initialized, skipping
Registering precompiled user dll's ...
Registered in 0.001328 seconds.
Begin MonoManager ReloadAssembly
Native extension for LinuxStandalone target not found
Native extension for WindowsStandalone target not found
Native extension for WebGL target not found
Refreshing native plugins compatible for Editor in 49.43 ms, found 1 plugins.
Preloading 0 native plugins for Editor in 0.00 ms.
Mono: successfully reloaded assembly
- Completed reload, in  1.470 seconds
Platform modules already initialized, skipping
========================================================================
Worker process is ready to serve import requests
Launched and connected shader compiler UnityShaderCompiler.exe after 0.05 seconds
Refreshing native plugins compatible for Editor in 0.34 ms, found 1 plugins.
Preloading 0 native plugins for Editor in 0.00 ms.
Unloading 1810 Unused Serialized files (Serialized files now loaded: 0)
System memory in use before: 84.9 MB.
System memory in use after: 84.9 MB.

Unloading 24 unused Assets to reduce memory usage. Loaded Objects now: 2252.
Total: 2.113200 ms (FindLiveObjects: 0.318000 ms CreateObjectMapping: 0.062800 ms MarkObjects: 1.609100 ms  DeleteObjects: 0.121700 ms)

========================================================================
Received Import Request.
  path: Assets/Scripts/Bullet.cs
  artifactKey: Guid(b18ae6b9b33faf142bec7d984ee2e0ca) Importer(815301076,1909f56bfc062723c751e8b465ee728b)
Start importing Assets/Scripts/Bullet.cs using Guid(b18ae6b9b33faf142bec7d984ee2e0ca) Importer(815301076,1909f56bfc062723c751e8b465ee728b)  -> (artifact id: '8ca8770ad28dea8374618e2ab4fbb623') in 0.027798 seconds
  Import took 0.031762 seconds .

========================================================================
Received Import Request.
  Time since last request: 4.676198 seconds.
  path: Assets/Scripts/Bullet.cs
  artifactKey: Guid(b18ae6b9b33faf142bec7d984ee2e0ca) Importer(815301076,1909f56bfc062723c751e8b465ee728b)
Start importing Assets/Scripts/Bullet.cs using Guid(b18ae6b9b33faf142bec7d984ee2e0ca) Importer(815301076,1909f56bfc062723c751e8b465ee728b)  -> (artifact id: '23ca46d6c13051921339f5b72219725c') in 0.004644 seconds
  Import took 0.010210 seconds .

========================================================================
Received Prepare
Registering precompiled user dll's ...
Registered in 0.001017 seconds.
Begin MonoManager ReloadAssembly
Native extension for LinuxStandalone target not found
Native extension for WindowsStandalone target not found
Native extension for WebGL target not found
Refreshing native plugins compatible for Editor in 0.35 ms, found 1 plugins.
Preloading 0 native plugins for Editor in 0.00 ms.
Mono: successfully reloaded assembly
- Completed reload, in  0.811 seconds
Platform modules already initialized, skipping
Refreshing native plugins compatible for Editor in 0.35 ms, found 1 plugins.
Preloading 0 native plugins for Editor in 0.00 ms.
Unloading 1805 Unused Serialized files (Serialized files now loaded: 0)
System memory in use before: 84.9 MB.
System memory in use after: 84.8 MB.

Unloading 12 unused Assets to reduce memory usage. Loaded Objects now: 2256.
Total: 2.262200 ms (FindLiveObjects: 0.208200 ms CreateObjectMapping: 0.041200 ms MarkObjects: 1.891200 ms  DeleteObjects: 0.120000 ms)

========================================================================
Received Prepare
Registering precompiled user dll's ...
Registered in 0.000848 seconds.
Begin MonoManager ReloadAssembly
Native extension for LinuxStandalone target not found
Native extension for WindowsStandalone target not found
Native extension for WebGL target not found
Refreshing native plugins compatible for Editor in 0.36 ms, found 1 plugins.
Preloading 0 native plugins for Editor in 0.00 ms.
Mono: successfully reloaded assembly
- Completed reload, in  0.767 seconds
Platform modules already initialized, skipping
Refreshing native plugins compatible for Editor in 0.45 ms, found 1 plugins.
Preloading 0 native plugins for Editor in 0.00 ms.
Unloading 1805 Unused Serialized files (Serialized files now loaded: 0)
System memory in use before: 84.9 MB.
System memory in use after: 84.9 MB.

Unloading 12 unused Assets to reduce memory usage. Loaded Objects now: 2260.
Total: 2.312000 ms (FindLiveObjects: 0.255500 ms CreateObjectMapping: 0.051600 ms MarkObjects: 1.864100 ms  DeleteObjects: 0.138900 ms)

========================================================================
Received Import Request.
  Time since last request: 5685.489645 seconds.
  path: Assets/Prefabs
  artifactKey: Guid(fe949adffa7d4a4459474a1fbe482b30) Importer(815301076,1909f56bfc062723c751e8b465ee728b)
Start importing Assets/Prefabs using Guid(fe949adffa7d4a4459474a1fbe482b30) Importer(815301076,1909f56bfc062723c751e8b465ee728b)  -> (artifact id: '13106e855b6a27184325d30af51bbaf8') in 0.009862 seconds
  Import took 0.013639 seconds .

========================================================================
Received Import Request.
  Time since last request: 3.189584 seconds.
  path: Assets/Prefabs/Bullet.prefab
  artifactKey: Guid(715f228795b33954199ec7f74f21e050) Importer(815301076,1909f56bfc062723c751e8b465ee728b)
Start importing Assets/Prefabs/Bullet.prefab using Guid(715f228795b33954199ec7f74f21e050) Importer(815301076,1909f56bfc062723c751e8b465ee728b)  -> (artifact id: '4f9b9864c29edc87c78d22d95a119443') in 0.083455 seconds
  Import took 0.086499 seconds .

========================================================================
Received Import Request.
  Time since last request: 0.000634 seconds.
  path: Assets/Prefabs/Bullet.prefab
  artifactKey: Guid(715f228795b33954199ec7f74f21e050) Importer(815301076,1909f56bfc062723c751e8b465ee728b)
Start importing Assets/Prefabs/Bullet.prefab using Guid(715f228795b33954199ec7f74f21e050) Importer(815301076,1909f56bfc062723c751e8b465ee728b)  -> (artifact id: '4f9b9864c29edc87c78d22d95a119443') in 0.011928 seconds
  Import took 0.014719 seconds .

========================================================================
Received Import Request.
  Time since last request: 883.499880 seconds.
  path: Assets/Prefabs/Bullet.prefab
  artifactKey: Guid(715f228795b33954199ec7f74f21e050) Importer(815301076,1909f56bfc062723c751e8b465ee728b)
Start importing Assets/Prefabs/Bullet.prefab using Guid(715f228795b33954199ec7f74f21e050) Importer(815301076,1909f56bfc062723c751e8b465ee728b)  -> (artifact id: '861f8d19691e7e149099587b0a412ee0') in 0.041488 seconds
  Import took 0.045209 seconds .

========================================================================
Received Import Request.
  Time since last request: 0.952233 seconds.
  path: Assets/Prefabs/Bullet.prefab
  artifactKey: Guid(715f228795b33954199ec7f74f21e050) Importer(815301076,1909f56bfc062723c751e8b465ee728b)
Start importing Assets/Prefabs/Bullet.prefab using Guid(715f228795b33954199ec7f74f21e050) Importer(815301076,1909f56bfc062723c751e8b465ee728b)  -> (artifact id: 'a3d51906f00b04add48d9da3df4fc1c5') in 0.009947 seconds
  Import took 0.013524 seconds .

========================================================================
Received Import Request.
  Time since last request: 0.008052 seconds.
  path: Assets/Prefabs/Bullet.prefab
  artifactKey: Guid(715f228795b33954199ec7f74f21e050) Importer(815301076,1909f56bfc062723c751e8b465ee728b)
Start importing Assets/Prefabs/Bullet.prefab using Guid(715f228795b33954199ec7f74f21e050) Importer(815301076,1909f56bfc062723c751e8b465ee728b)  -> (artifact id: 'a3d51906f00b04add48d9da3df4fc1c5') in 0.009165 seconds
  Import took 0.012155 seconds .

========================================================================
Received Prepare
Registering precompiled user dll's ...
Registered in 0.001035 seconds.
Begin MonoManager ReloadAssembly
Native extension for LinuxStandalone target not found
Native extension for WindowsStandalone target not found
Native extension for WebGL target not found
Refreshing native plugins compatible for Editor in 0.34 ms, found 1 plugins.
Preloading 0 native plugins for Editor in 0.00 ms.
Mono: successfully reloaded assembly
- Completed reload, in  0.779 seconds
Platform modules already initialized, skipping
Refreshing native plugins compatible for Editor in 0.61 ms, found 1 plugins.
Preloading 0 native plugins for Editor in 0.00 ms.
Unloading 1805 Unused Serialized files (Serialized files now loaded: 0)
System memory in use before: 88.0 MB.
System memory in use after: 88.0 MB.

Unloading 12 unused Assets to reduce memory usage. Loaded Objects now: 2271.
Total: 1.899900 ms (FindLiveObjects: 0.214500 ms CreateObjectMapping: 0.047400 ms MarkObjects: 1.538100 ms  DeleteObjects: 0.098400 ms)

========================================================================
Received Import Request.
  Time since last request: 31.508282 seconds.
  path: Assets/Prefabs/Bullet.prefab
  artifactKey: Guid(715f228795b33954199ec7f74f21e050) Importer(815301076,1909f56bfc062723c751e8b465ee728b)
Start importing Assets/Prefabs/Bullet.prefab using Guid(715f228795b33954199ec7f74f21e050) Importer(815301076,1909f56bfc062723c751e8b465ee728b)  -> (artifact id: 'd880b90958e2dbf75df8bea39c664497') in 0.048884 seconds
  Import took 0.051762 seconds .

========================================================================
Received Prepare
Registering precompiled user dll's ...
Registered in 0.000898 seconds.
Begin MonoManager ReloadAssembly
Native extension for LinuxStandalone target not found
Native extension for WindowsStandalone target not found
Native extension for WebGL target not found
Refreshing native plugins compatible for Editor in 0.33 ms, found 1 plugins.
Preloading 0 native plugins for Editor in 0.00 ms.
Mono: successfully reloaded assembly
- Completed reload, in  0.746 seconds
Platform modules already initialized, skipping
Refreshing native plugins compatible for Editor in 0.35 ms, found 1 plugins.
Preloading 0 native plugins for Editor in 0.00 ms.
Unloading 1805 Unused Serialized files (Serialized files now loaded: 0)
System memory in use before: 88.0 MB.
System memory in use after: 88.0 MB.

Unloading 12 unused Assets to reduce memory usage. Loaded Objects now: 2276.
Total: 2.009900 ms (FindLiveObjects: 0.191200 ms CreateObjectMapping: 0.040700 ms MarkObjects: 1.676000 ms  DeleteObjects: 0.101000 ms)

========================================================================
Received Import Request.
  Time since last request: 354.349232 seconds.
  path: Assets/Scripts/Weapon.cs
  artifactKey: Guid(6768fa3419fa69b4c80c413abff01155) Importer(815301076,1909f56bfc062723c751e8b465ee728b)
Start importing Assets/Scripts/Weapon.cs using Guid(6768fa3419fa69b4c80c413abff01155) Importer(815301076,1909f56bfc062723c751e8b465ee728b)  -> (artifact id: '48d305e269b02d9f4d073d76d7cdb42d') in 0.010507 seconds
  Import took 0.014075 seconds .

========================================================================
Received Prepare
Registering precompiled user dll's ...
Registered in 0.000815 seconds.
Begin MonoManager ReloadAssembly
Native extension for LinuxStandalone target not found
Native extension for WindowsStandalone target not found
Native extension for WebGL target not found
Refreshing native plugins compatible for Editor in 0.55 ms, found 1 plugins.
Preloading 0 native plugins for Editor in 0.00 ms.
Mono: successfully reloaded assembly
- Completed reload, in  0.790 seconds
Platform modules already initialized, skipping
Refreshing native plugins compatible for Editor in 0.58 ms, found 1 plugins.
Preloading 0 native plugins for Editor in 0.00 ms.
Unloading 1806 Unused Serialized files (Serialized files now loaded: 0)
System memory in use before: 88.1 MB.
System memory in use after: 88.0 MB.

Unloading 12 unused Assets to reduce memory usage. Loaded Objects now: 2281.
Total: 2.002400 ms (FindLiveObjects: 0.383000 ms CreateObjectMapping: 0.051400 ms MarkObjects: 1.459200 ms  DeleteObjects: 0.107100 ms)

========================================================================
Received Prepare
Registering precompiled user dll's ...
Registered in 0.000933 seconds.
Begin MonoManager ReloadAssembly
Native extension for LinuxStandalone target not found
Native extension for WindowsStandalone target not found
Native extension for WebGL target not found
Refreshing native plugins compatible for Editor in 0.38 ms, found 1 plugins.
Preloading 0 native plugins for Editor in 0.00 ms.
Mono: successfully reloaded assembly
- Completed reload, in  0.847 seconds
Platform modules already initialized, skipping
Refreshing native plugins compatible for Editor in 0.40 ms, found 1 plugins.
Preloading 0 native plugins for Editor in 0.00 ms.
Unloading 1806 Unused Serialized files (Serialized files now loaded: 0)
System memory in use before: 88.1 MB.
System memory in use after: 88.1 MB.

Unloading 12 unused Assets to reduce memory usage. Loaded Objects now: 2285.
Total: 2.173200 ms (FindLiveObjects: 0.278500 ms CreateObjectMapping: 0.080200 ms MarkObjects: 1.677200 ms  DeleteObjects: 0.135400 ms)

========================================================================
Received Import Request.
  Time since last request: 5518.950283 seconds.
  path: Assets/Scripts/Weapon.cs
  artifactKey: Guid(6768fa3419fa69b4c80c413abff01155) Importer(815301076,1909f56bfc062723c751e8b465ee728b)
Start importing Assets/Scripts/Weapon.cs using Guid(6768fa3419fa69b4c80c413abff01155) Importer(815301076,1909f56bfc062723c751e8b465ee728b)  -> (artifact id: 'bfa0a0605e3758dfc3c1ffc66b446b1f') in 0.004885 seconds
  Import took 0.007922 seconds .

========================================================================
Received Prepare
Registering precompiled user dll's ...
Registered in 0.001193 seconds.
Begin MonoManager ReloadAssembly
Native extension for LinuxStandalone target not found
Native extension for WindowsStandalone target not found
Native extension for WebGL target not found
Refreshing native plugins compatible for Editor in 0.44 ms, found 1 plugins.
Preloading 0 native plugins for Editor in 0.00 ms.
Mono: successfully reloaded assembly
- Completed reload, in  0.840 seconds
Platform modules already initialized, skipping
Refreshing native plugins compatible for Editor in 0.44 ms, found 1 plugins.
Preloading 0 native plugins for Editor in 0.00 ms.
Unloading 1806 Unused Serialized files (Serialized files now loaded: 0)
System memory in use before: 88.1 MB.
System memory in use after: 88.1 MB.

Unloading 12 unused Assets to reduce memory usage. Loaded Objects now: 2289.
Total: 2.355000 ms (FindLiveObjects: 0.294200 ms CreateObjectMapping: 0.049200 ms MarkObjects: 1.897200 ms  DeleteObjects: 0.112800 ms)

========================================================================
Received Prepare
Registering precompiled user dll's ...
Registered in 0.000873 seconds.
Begin MonoManager ReloadAssembly
Native extension for LinuxStandalone target not found
Native extension for WindowsStandalone target not found
Native extension for WebGL target not found
Refreshing native plugins compatible for Editor in 0.34 ms, found 1 plugins.
Preloading 0 native plugins for Editor in 0.00 ms.
Mono: successfully reloaded assembly
- Completed reload, in  0.762 seconds
Platform modules already initialized, skipping
Refreshing native plugins compatible for Editor in 0.34 ms, found 1 plugins.
Preloading 0 native plugins for Editor in 0.00 ms.
Unloading 1806 Unused Serialized files (Serialized files now loaded: 0)
System memory in use before: 88.1 MB.
System memory in use after: 88.1 MB.

Unloading 12 unused Assets to reduce memory usage. Loaded Objects now: 2293.
Total: 1.977900 ms (FindLiveObjects: 0.240800 ms CreateObjectMapping: 0.077400 ms MarkObjects: 1.538400 ms  DeleteObjects: 0.119900 ms)

========================================================================
Received Prepare
Registering precompiled user dll's ...
Registered in 0.000887 seconds.
Begin MonoManager ReloadAssembly
Native extension for LinuxStandalone target not found
Native extension for WindowsStandalone target not found
Native extension for WebGL target not found
Refreshing native plugins compatible for Editor in 0.34 ms, found 1 plugins.
Preloading 0 native plugins for Editor in 0.00 ms.
Mono: successfully reloaded assembly
- Completed reload, in  0.738 seconds
Platform modules already initialized, skipping
Refreshing native plugins compatible for Editor in 0.33 ms, found 1 plugins.
Preloading 0 native plugins for Editor in 0.00 ms.
Unloading 1806 Unused Serialized files (Serialized files now loaded: 0)
System memory in use before: 88.1 MB.
System memory in use after: 88.1 MB.

Unloading 12 unused Assets to reduce memory usage. Loaded Objects now: 2297.
Total: 2.128700 ms (FindLiveObjects: 0.257500 ms CreateObjectMapping: 0.071100 ms MarkObjects: 1.683400 ms  DeleteObjects: 0.115000 ms)

========================================================================
Received Prepare
Registering precompiled user dll's ...
Registered in 0.000883 seconds.
Begin MonoManager ReloadAssembly
Native extension for LinuxStandalone target not found
Native extension for WindowsStandalone target not found
Native extension for WebGL target not found
Refreshing native plugins compatible for Editor in 0.34 ms, found 1 plugins.
Preloading 0 native plugins for Editor in 0.00 ms.
Mono: successfully reloaded assembly
- Completed reload, in  0.767 seconds
Platform modules already initialized, skipping
Refreshing native plugins compatible for Editor in 0.33 ms, found 1 plugins.
Preloading 0 native plugins for Editor in 0.00 ms.
Unloading 1806 Unused Serialized files (Serialized files now loaded: 0)
System memory in use before: 88.1 MB.
System memory in use after: 88.1 MB.

Unloading 12 unused Assets to reduce memory usage. Loaded Objects now: 2301.
Total: 2.450700 ms (FindLiveObjects: 0.209900 ms CreateObjectMapping: 0.041100 ms MarkObjects: 2.087500 ms  DeleteObjects: 0.111200 ms)

========================================================================
Received Prepare
Registering precompiled user dll's ...
Registered in 0.000843 seconds.
Begin MonoManager ReloadAssembly
Native extension for LinuxStandalone target not found
Native extension for WindowsStandalone target not found
Native extension for WebGL target not found
Refreshing native plugins compatible for Editor in 0.35 ms, found 1 plugins.
Preloading 0 native plugins for Editor in 0.00 ms.
Mono: successfully reloaded assembly
- Completed reload, in  0.748 seconds
Platform modules already initialized, skipping
Refreshing native plugins compatible for Editor in 0.38 ms, found 1 plugins.
Preloading 0 native plugins for Editor in 0.00 ms.
Unloading 1806 Unused Serialized files (Serialized files now loaded: 0)
System memory in use before: 88.1 MB.
System memory in use after: 88.1 MB.

Unloading 12 unused Assets to reduce memory usage. Loaded Objects now: 2305.
Total: 2.697500 ms (FindLiveObjects: 0.359700 ms CreateObjectMapping: 0.128700 ms MarkObjects: 2.092900 ms  DeleteObjects: 0.113900 ms)

========================================================================
Received Prepare
Registering precompiled user dll's ...
Registered in 0.001176 seconds.
Begin MonoManager ReloadAssembly
Native extension for LinuxStandalone target not found
Native extension for WindowsStandalone target not found
Native extension for WebGL target not found
Refreshing native plugins compatible for Editor in 0.34 ms, found 1 plugins.
Preloading 0 native plugins for Editor in 0.00 ms.
Mono: successfully reloaded assembly
- Completed reload, in  0.750 seconds
Platform modules already initialized, skipping
Refreshing native plugins compatible for Editor in 0.33 ms, found 1 plugins.
Preloading 0 native plugins for Editor in 0.00 ms.
Unloading 1806 Unused Serialized files (Serialized files now loaded: 0)
System memory in use before: 88.1 MB.
System memory in use after: 88.1 MB.

Unloading 12 unused Assets to reduce memory usage. Loaded Objects now: 2309.
Total: 1.998900 ms (FindLiveObjects: 0.292000 ms CreateObjectMapping: 0.077900 ms MarkObjects: 1.514300 ms  DeleteObjects: 0.113100 ms)

========================================================================
Received Prepare
Registering precompiled user dll's ...
Registered in 0.000904 seconds.
Begin MonoManager ReloadAssembly
Native extension for LinuxStandalone target not found
Native extension for WindowsStandalone target not found
Native extension for WebGL target not found
Refreshing native plugins compatible for Editor in 0.41 ms, found 1 plugins.
Preloading 0 native plugins for Editor in 0.00 ms.
Mono: successfully reloaded assembly
- Completed reload, in  0.867 seconds
Platform modules already initialized, skipping
Refreshing native plugins compatible for Editor in 0.40 ms, found 1 plugins.
Preloading 0 native plugins for Editor in 0.00 ms.
Unloading 1806 Unused Serialized files (Serialized files now loaded: 0)
System memory in use before: 88.2 MB.
System memory in use after: 88.1 MB.

Unloading 12 unused Assets to reduce memory usage. Loaded Objects now: 2313.
Total: 2.026100 ms (FindLiveObjects: 0.197800 ms CreateObjectMapping: 0.041000 ms MarkObjects: 1.647300 ms  DeleteObjects: 0.138900 ms)

========================================================================
Received Prepare
Registering precompiled user dll's ...
Registered in 0.001047 seconds.
Begin MonoManager ReloadAssembly
Native extension for LinuxStandalone target not found
Native extension for WindowsStandalone target not found
Native extension for WebGL target not found
Refreshing native plugins compatible for Editor in 0.43 ms, found 1 plugins.
Preloading 0 native plugins for Editor in 0.00 ms.
Mono: successfully reloaded assembly
- Completed reload, in  0.771 seconds
Platform modules already initialized, skipping
Refreshing native plugins compatible for Editor in 0.34 ms, found 1 plugins.
Preloading 0 native plugins for Editor in 0.00 ms.
Unloading 1806 Unused Serialized files (Serialized files now loaded: 0)
System memory in use before: 88.2 MB.
System memory in use after: 88.1 MB.

Unloading 12 unused Assets to reduce memory usage. Loaded Objects now: 2317.
Total: 2.350200 ms (FindLiveObjects: 0.286000 ms CreateObjectMapping: 0.082900 ms MarkObjects: 1.864300 ms  DeleteObjects: 0.115300 ms)

========================================================================
Received Prepare
Registering precompiled user dll's ...
Registered in 0.000922 seconds.
Begin MonoManager ReloadAssembly
Native extension for LinuxStandalone target not found
Native extension for WindowsStandalone target not found
Native extension for WebGL target not found
Refreshing native plugins compatible for Editor in 0.34 ms, found 1 plugins.
Preloading 0 native plugins for Editor in 0.00 ms.
Mono: successfully reloaded assembly
- Completed reload, in  0.760 seconds
Platform modules already initialized, skipping
Refreshing native plugins compatible for Editor in 0.35 ms, found 1 plugins.
Preloading 0 native plugins for Editor in 0.00 ms.
Unloading 1806 Unused Serialized files (Serialized files now loaded: 0)
System memory in use before: 88.2 MB.
System memory in use after: 88.1 MB.

Unloading 12 unused Assets to reduce memory usage. Loaded Objects now: 2321.
Total: 3.120000 ms (FindLiveObjects: 0.356900 ms CreateObjectMapping: 0.120600 ms MarkObjects: 2.525100 ms  DeleteObjects: 0.114800 ms)

========================================================================
Received Prepare
Registering precompiled user dll's ...
Registered in 0.001273 seconds.
Begin MonoManager ReloadAssembly
Native extension for LinuxStandalone target not found
Native extension for WindowsStandalone target not found
Native extension for WebGL target not found
Refreshing native plugins compatible for Editor in 0.43 ms, found 1 plugins.
Preloading 0 native plugins for Editor in 0.00 ms.
Mono: successfully reloaded assembly
- Completed reload, in  1.539 seconds
Platform modules already initialized, skipping
Refreshing native plugins compatible for Editor in 0.63 ms, found 1 plugins.
Preloading 0 native plugins for Editor in 0.00 ms.
Unloading 1806 Unused Serialized files (Serialized files now loaded: 0)
System memory in use before: 88.2 MB.
System memory in use after: 88.2 MB.

Unloading 12 unused Assets to reduce memory usage. Loaded Objects now: 2325.
Total: 2.539500 ms (FindLiveObjects: 0.232900 ms CreateObjectMapping: 0.056900 ms MarkObjects: 2.080900 ms  DeleteObjects: 0.167400 ms)

========================================================================
Received Import Request.
  Time since last request: 9682.028568 seconds.
  path: Assets/Prefabs/Bullet.prefab
  artifactKey: Guid(715f228795b33954199ec7f74f21e050) Importer(815301076,1909f56bfc062723c751e8b465ee728b)
Start importing Assets/Prefabs/Bullet.prefab using Guid(715f228795b33954199ec7f74f21e050) Importer(815301076,1909f56bfc062723c751e8b465ee728b)  -> (artifact id: 'b70f206faee670a17298114d6dc7f012') in 0.112989 seconds
  Import took 0.118834 seconds .

========================================================================
Received Import Request.
  Time since last request: 47.162007 seconds.
  path: Assets/Prefabs/Bullet.prefab
  artifactKey: Guid(715f228795b33954199ec7f74f21e050) Importer(815301076,1909f56bfc062723c751e8b465ee728b)
Start importing Assets/Prefabs/Bullet.prefab using Guid(715f228795b33954199ec7f74f21e050) Importer(815301076,1909f56bfc062723c751e8b465ee728b)  -> (artifact id: 'c5100a679f36a5d51a2b2175dd34752a') in 0.021864 seconds
  Import took 0.027807 seconds .

========================================================================
Received Import Request.
  Time since last request: 0.004510 seconds.
  path: Assets/Prefabs/Bullet.prefab
  artifactKey: Guid(715f228795b33954199ec7f74f21e050) Importer(815301076,1909f56bfc062723c751e8b465ee728b)
Start importing Assets/Prefabs/Bullet.prefab using Guid(715f228795b33954199ec7f74f21e050) Importer(815301076,1909f56bfc062723c751e8b465ee728b)  -> (artifact id: 'c5100a679f36a5d51a2b2175dd34752a') in 0.014194 seconds
  Import took 0.018365 seconds .

========================================================================
Received Prepare
Registering precompiled user dll's ...
Registered in 0.001395 seconds.
Begin MonoManager ReloadAssembly
Native extension for LinuxStandalone target not found
Native extension for WindowsStandalone target not found
Native extension for WebGL target not found
Refreshing native plugins compatible for Editor in 0.47 ms, found 1 plugins.
Preloading 0 native plugins for Editor in 0.00 ms.
Mono: successfully reloaded assembly
- Completed reload, in  1.460 seconds
Platform modules already initialized, skipping
Refreshing native plugins compatible for Editor in 0.57 ms, found 1 plugins.
Preloading 0 native plugins for Editor in 0.00 ms.
Unloading 1806 Unused Serialized files (Serialized files now loaded: 0)
System memory in use before: 88.2 MB.
System memory in use after: 88.2 MB.

Unloading 12 unused Assets to reduce memory usage. Loaded Objects now: 2330.
Total: 3.469700 ms (FindLiveObjects: 0.424200 ms CreateObjectMapping: 0.164100 ms MarkObjects: 2.729400 ms  DeleteObjects: 0.149700 ms)

========================================================================
Received Prepare
Registering precompiled user dll's ...
Registered in 0.002585 seconds.
Begin MonoManager ReloadAssembly
Native extension for LinuxStandalone target not found
Native extension for WindowsStandalone target not found
Native extension for WebGL target not found
Refreshing native plugins compatible for Editor in 0.67 ms, found 1 plugins.
Preloading 0 native plugins for Editor in 0.00 ms.
Mono: successfully reloaded assembly
- Completed reload, in  1.433 seconds
Platform modules already initialized, skipping
Refreshing native plugins compatible for Editor in 0.65 ms, found 1 plugins.
Preloading 0 native plugins for Editor in 0.00 ms.
Unloading 1806 Unused Serialized files (Serialized files now loaded: 0)
System memory in use before: 88.2 MB.
System memory in use after: 88.2 MB.

Unloading 12 unused Assets to reduce memory usage. Loaded Objects now: 2334.
Total: 4.762600 ms (FindLiveObjects: 0.491400 ms CreateObjectMapping: 0.181300 ms MarkObjects: 3.862100 ms  DeleteObjects: 0.224000 ms)

========================================================================
Received Prepare
Registering precompiled user dll's ...
Registered in 0.001176 seconds.
Begin MonoManager ReloadAssembly
Native extension for LinuxStandalone target not found
Native extension for WindowsStandalone target not found
Native extension for WebGL target not found
Refreshing native plugins compatible for Editor in 0.78 ms, found 1 plugins.
Preloading 0 native plugins for Editor in 0.00 ms.
Mono: successfully reloaded assembly
- Completed reload, in  1.466 seconds
Platform modules already initialized, skipping
Refreshing native plugins compatible for Editor in 1.10 ms, found 1 plugins.
Preloading 0 native plugins for Editor in 0.00 ms.
Unloading 1806 Unused Serialized files (Serialized files now loaded: 0)
System memory in use before: 88.2 MB.
System memory in use after: 88.2 MB.

Unloading 12 unused Assets to reduce memory usage. Loaded Objects now: 2338.
Total: 3.189400 ms (FindLiveObjects: 0.355300 ms CreateObjectMapping: 0.084700 ms MarkObjects: 2.514700 ms  DeleteObjects: 0.232000 ms)

========================================================================
Received Import Request.
  Time since last request: 235.429150 seconds.
  path: Assets/Prefabs/Bullet.prefab
  artifactKey: Guid(715f228795b33954199ec7f74f21e050) Importer(815301076,1909f56bfc062723c751e8b465ee728b)
Start importing Assets/Prefabs/Bullet.prefab using Guid(715f228795b33954199ec7f74f21e050) Importer(815301076,1909f56bfc062723c751e8b465ee728b)  -> (artifact id: '56dccad67f597c1865fcb9d6d6d72967') in 0.094003 seconds
  Import took 0.099365 seconds .

========================================================================
Received Prepare
Registering precompiled user dll's ...
Registered in 0.001174 seconds.
Begin MonoManager ReloadAssembly
Native extension for LinuxStandalone target not found
Native extension for WindowsStandalone target not found
Native extension for WebGL target not found
Refreshing native plugins compatible for Editor in 0.45 ms, found 1 plugins.
Preloading 0 native plugins for Editor in 0.00 ms.
Mono: successfully reloaded assembly
- Completed reload, in  1.409 seconds
Platform modules already initialized, skipping
Refreshing native plugins compatible for Editor in 0.83 ms, found 1 plugins.
Preloading 0 native plugins for Editor in 0.00 ms.
Unloading 1806 Unused Serialized files (Serialized files now loaded: 0)
System memory in use before: 88.2 MB.
System memory in use after: 88.2 MB.

Unloading 12 unused Assets to reduce memory usage. Loaded Objects now: 2343.
Total: 4.277900 ms (FindLiveObjects: 0.328600 ms CreateObjectMapping: 0.124400 ms MarkObjects: 3.603100 ms  DeleteObjects: 0.219900 ms)

========================================================================
Received Import Request.
  Time since last request: 105.426856 seconds.
  path: Assets/Prefabs/Bullet.prefab
  artifactKey: Guid(715f228795b33954199ec7f74f21e050) Importer(815301076,1909f56bfc062723c751e8b465ee728b)
Start importing Assets/Prefabs/Bullet.prefab using Guid(715f228795b33954199ec7f74f21e050) Importer(815301076,1909f56bfc062723c751e8b465ee728b)  -> (artifact id: 'd9f86a3ed6c132662533a6a714c89cd1') in 0.078307 seconds
  Import took 0.082753 seconds .

========================================================================
Received Import Request.
  Time since last request: 1.174905 seconds.
  path: Assets/Prefabs/Bullet.prefab
  artifactKey: Guid(715f228795b33954199ec7f74f21e050) Importer(815301076,1909f56bfc062723c751e8b465ee728b)
Start importing Assets/Prefabs/Bullet.prefab using Guid(715f228795b33954199ec7f74f21e050) Importer(815301076,1909f56bfc062723c751e8b465ee728b)  -> (artifact id: '6d1abd1bc418097629d953c6b06f99b1') in 0.021549 seconds
  Import took 0.028738 seconds .

========================================================================
Received Import Request.
  Time since last request: 0.017647 seconds.
  path: Assets/Prefabs/Bullet.prefab
  artifactKey: Guid(715f228795b33954199ec7f74f21e050) Importer(815301076,1909f56bfc062723c751e8b465ee728b)
Start importing Assets/Prefabs/Bullet.prefab using Guid(715f228795b33954199ec7f74f21e050) Importer(815301076,1909f56bfc062723c751e8b465ee728b)  -> (artifact id: '6d1abd1bc418097629d953c6b06f99b1') in 0.028084 seconds
  Import took 0.034605 seconds .

========================================================================
Received Import Request.
  Time since last request: 1.998631 seconds.
  path: Assets/Prefabs/Bullet.prefab
  artifactKey: Guid(715f228795b33954199ec7f74f21e050) Importer(815301076,1909f56bfc062723c751e8b465ee728b)
Start importing Assets/Prefabs/Bullet.prefab using Guid(715f228795b33954199ec7f74f21e050) Importer(815301076,1909f56bfc062723c751e8b465ee728b)  -> (artifact id: '13879c80276d954fcd342b1645b6fdcb') in 0.018969 seconds
  Import took 0.026113 seconds .

========================================================================
Received Import Request.
  Time since last request: 0.019960 seconds.
  path: Assets/Prefabs/Bullet.prefab
  artifactKey: Guid(715f228795b33954199ec7f74f21e050) Importer(815301076,1909f56bfc062723c751e8b465ee728b)
Start importing Assets/Prefabs/Bullet.prefab using Guid(715f228795b33954199ec7f74f21e050) Importer(815301076,1909f56bfc062723c751e8b465ee728b)  -> (artifact id: '13879c80276d954fcd342b1645b6fdcb') in 0.017832 seconds
  Import took 0.022477 seconds .

========================================================================
Received Import Request.
  Time since last request: 0.663410 seconds.
  path: Assets/Prefabs/Bullet.prefab
  artifactKey: Guid(715f228795b33954199ec7f74f21e050) Importer(815301076,1909f56bfc062723c751e8b465ee728b)
Start importing Assets/Prefabs/Bullet.prefab using Guid(715f228795b33954199ec7f74f21e050) Importer(815301076,1909f56bfc062723c751e8b465ee728b)  -> (artifact id: 'e64f124914f97dd0589c7bb7cca5b01b') in 0.025344 seconds
  Import took 0.030655 seconds .

========================================================================
Received Import Request.
  Time since last request: 0.017986 seconds.
  path: Assets/Prefabs/Bullet.prefab
  artifactKey: Guid(715f228795b33954199ec7f74f21e050) Importer(815301076,1909f56bfc062723c751e8b465ee728b)
Start importing Assets/Prefabs/Bullet.prefab using Guid(715f228795b33954199ec7f74f21e050) Importer(815301076,1909f56bfc062723c751e8b465ee728b)  -> (artifact id: 'e64f124914f97dd0589c7bb7cca5b01b') in 0.015137 seconds
  Import took 0.020393 seconds .

========================================================================
Received Import Request.
  Time since last request: 2.716088 seconds.
  path: Assets/Prefabs/Bullet.prefab
  artifactKey: Guid(715f228795b33954199ec7f74f21e050) Importer(815301076,1909f56bfc062723c751e8b465ee728b)
Start importing Assets/Prefabs/Bullet.prefab using Guid(715f228795b33954199ec7f74f21e050) Importer(815301076,1909f56bfc062723c751e8b465ee728b)  -> (artifact id: '7473788acb37f88f5510a62b34d14651') in 0.023135 seconds
  Import took 0.031973 seconds .

========================================================================
Received Import Request.
  Time since last request: 0.040730 seconds.
  path: Assets/Prefabs/Bullet.prefab
  artifactKey: Guid(715f228795b33954199ec7f74f21e050) Importer(815301076,1909f56bfc062723c751e8b465ee728b)
Start importing Assets/Prefabs/Bullet.prefab using Guid(715f228795b33954199ec7f74f21e050) Importer(815301076,1909f56bfc062723c751e8b465ee728b)  -> (artifact id: '7473788acb37f88f5510a62b34d14651') in 0.024687 seconds
  Import took 0.032189 seconds .

========================================================================
Received Import Request.
  Time since last request: 1.110969 seconds.
  path: Assets/Prefabs/Bullet.prefab
  artifactKey: Guid(715f228795b33954199ec7f74f21e050) Importer(815301076,1909f56bfc062723c751e8b465ee728b)
Start importing Assets/Prefabs/Bullet.prefab using Guid(715f228795b33954199ec7f74f21e050) Importer(815301076,1909f56bfc062723c751e8b465ee728b)  -> (artifact id: '228eb5c5250cee9794c98798e56c8570') in 0.019315 seconds
  Import took 0.026751 seconds .

========================================================================
Received Import Request.
  Time since last request: 0.029006 seconds.
  path: Assets/Prefabs/Bullet.prefab
  artifactKey: Guid(715f228795b33954199ec7f74f21e050) Importer(815301076,1909f56bfc062723c751e8b465ee728b)
Start importing Assets/Prefabs/Bullet.prefab using Guid(715f228795b33954199ec7f74f21e050) Importer(815301076,1909f56bfc062723c751e8b465ee728b)  -> (artifact id: '228eb5c5250cee9794c98798e56c8570') in 0.016820 seconds
  Import took 0.021584 seconds .

========================================================================
Received Import Request.
  Time since last request: 4.496040 seconds.
  path: Assets/Prefabs/Bullet.prefab
  artifactKey: Guid(715f228795b33954199ec7f74f21e050) Importer(815301076,1909f56bfc062723c751e8b465ee728b)
Start importing Assets/Prefabs/Bullet.prefab using Guid(715f228795b33954199ec7f74f21e050) Importer(815301076,1909f56bfc062723c751e8b465ee728b)  -> (artifact id: 'c1253311a3c3a45e989afe1f98af72f4') in 0.013352 seconds
  Import took 0.017925 seconds .

========================================================================
Received Prepare
Registering precompiled user dll's ...
Registered in 0.001557 seconds.
Begin MonoManager ReloadAssembly
Native extension for LinuxStandalone target not found
Native extension for WindowsStandalone target not found
Native extension for WebGL target not found
Refreshing native plugins compatible for Editor in 0.46 ms, found 1 plugins.
Preloading 0 native plugins for Editor in 0.00 ms.
Mono: successfully reloaded assembly
- Completed reload, in  1.539 seconds
Platform modules already initialized, skipping
Refreshing native plugins compatible for Editor in 0.69 ms, found 1 plugins.
Preloading 0 native plugins for Editor in 0.00 ms.
Unloading 1806 Unused Serialized files (Serialized files now loaded: 0)
System memory in use before: 88.3 MB.
System memory in use after: 88.2 MB.

Unloading 12 unused Assets to reduce memory usage. Loaded Objects now: 2348.
Total: 3.256100 ms (FindLiveObjects: 0.543400 ms CreateObjectMapping: 0.136300 ms MarkObjects: 2.416300 ms  DeleteObjects: 0.157500 ms)

========================================================================
Received Prepare
Registering precompiled user dll's ...
Registered in 0.001216 seconds.
Begin MonoManager ReloadAssembly
Native extension for LinuxStandalone target not found
Native extension for WindowsStandalone target not found
Native extension for WebGL target not found
Refreshing native plugins compatible for Editor in 0.45 ms, found 1 plugins.
Preloading 0 native plugins for Editor in 0.00 ms.
Mono: successfully reloaded assembly
- Completed reload, in  1.459 seconds
Platform modules already initialized, skipping
Refreshing native plugins compatible for Editor in 0.80 ms, found 1 plugins.
Preloading 0 native plugins for Editor in 0.00 ms.
Unloading 1806 Unused Serialized files (Serialized files now loaded: 0)
System memory in use before: 88.3 MB.
System memory in use after: 88.2 MB.

Unloading 12 unused Assets to reduce memory usage. Loaded Objects now: 2352.
Total: 4.542600 ms (FindLiveObjects: 0.354500 ms CreateObjectMapping: 0.108100 ms MarkObjects: 3.835900 ms  DeleteObjects: 0.240900 ms)

========================================================================
Received Import Request.
  Time since last request: 3141.115262 seconds.
  path: Assets/Sprites/Enemy_MuchoPixels.png
  artifactKey: Guid(54249013c09a59b4abb2ff8ed1e0727d) Importer(815301076,1909f56bfc062723c751e8b465ee728b)
Start importing Assets/Sprites/Enemy_MuchoPixels.png using Guid(54249013c09a59b4abb2ff8ed1e0727d) Importer(815301076,1909f56bfc062723c751e8b465ee728b)  -> (artifact id: '02b1f558ce105d63d8f1a37004ce7154') in 0.129002 seconds
  Import took 0.134972 seconds .

========================================================================
Received Import Request.
  Time since last request: 26.701054 seconds.
  path: Assets/Sprites/Enemy_MuchoPixels.png
  artifactKey: Guid(54249013c09a59b4abb2ff8ed1e0727d) Importer(815301076,1909f56bfc062723c751e8b465ee728b)
Start importing Assets/Sprites/Enemy_MuchoPixels.png using Guid(54249013c09a59b4abb2ff8ed1e0727d) Importer(815301076,1909f56bfc062723c751e8b465ee728b)  -> (artifact id: 'e8cc5ac9dd2af99ccd4bca7a1d5ef562') in 0.026111 seconds
  Import took 0.031904 seconds .

========================================================================
Received Import Request.
  Time since last request: 80.811393 seconds.
  path: Assets/Sprites/Enemy_MuchoPixels.png
  artifactKey: Guid(54249013c09a59b4abb2ff8ed1e0727d) Importer(815301076,1909f56bfc062723c751e8b465ee728b)
Start importing Assets/Sprites/Enemy_MuchoPixels.png using Guid(54249013c09a59b4abb2ff8ed1e0727d) Importer(815301076,1909f56bfc062723c751e8b465ee728b)  -> (artifact id: 'fe495bf5587d89dea161cdcafc543203') in 0.015966 seconds
  Import took 0.020226 seconds .

========================================================================
Received Import Request.
  Time since last request: 6.703948 seconds.
  path: Assets/Prefabs/Bullet.prefab
  artifactKey: Guid(715f228795b33954199ec7f74f21e050) Importer(815301076,1909f56bfc062723c751e8b465ee728b)
Start importing Assets/Prefabs/Bullet.prefab using Guid(715f228795b33954199ec7f74f21e050) Importer(815301076,1909f56bfc062723c751e8b465ee728b)  -> (artifact id: '87bf6b564fa61b8a8615dd8526fe80df') in 0.056358 seconds
  Import took 0.062853 seconds .

========================================================================
Received Import Request.
  Time since last request: 29.060691 seconds.
  path: Assets/Prefabs/Bullet 1.prefab
  artifactKey: Guid(edcf5e7f207c7fb4c9d889ac04d554a7) Importer(815301076,1909f56bfc062723c751e8b465ee728b)
Start importing Assets/Prefabs/Bullet 1.prefab using Guid(edcf5e7f207c7fb4c9d889ac04d554a7) Importer(815301076,1909f56bfc062723c751e8b465ee728b)  -> (artifact id: 'c469fca823946d712e0739c76d1b664c') in 0.024746 seconds
  Import took 0.028776 seconds .

========================================================================
Received Import Request.
  Time since last request: 0.011836 seconds.
  path: Assets/Prefabs/Bullet 1.prefab
  artifactKey: Guid(edcf5e7f207c7fb4c9d889ac04d554a7) Importer(815301076,1909f56bfc062723c751e8b465ee728b)
Start importing Assets/Prefabs/Bullet 1.prefab using Guid(edcf5e7f207c7fb4c9d889ac04d554a7) Importer(815301076,1909f56bfc062723c751e8b465ee728b)  -> (artifact id: 'c469fca823946d712e0739c76d1b664c') in 0.014411 seconds
  Import took 0.019177 seconds .

========================================================================
Received Import Request.
  Time since last request: 12.476750 seconds.
  path: Assets/Prefabs/Small Bullet.prefab
  artifactKey: Guid(edcf5e7f207c7fb4c9d889ac04d554a7) Importer(815301076,1909f56bfc062723c751e8b465ee728b)
Start importing Assets/Prefabs/Small Bullet.prefab using Guid(edcf5e7f207c7fb4c9d889ac04d554a7) Importer(815301076,1909f56bfc062723c751e8b465ee728b)  -> (artifact id: '22ad3337b610811c12c49baf59869f43') in 0.027533 seconds
  Import took 0.032019 seconds .

========================================================================
Received Import Request.
  Time since last request: 31.504307 seconds.
  path: Assets/Prefabs/Small Bullet.prefab
  artifactKey: Guid(edcf5e7f207c7fb4c9d889ac04d554a7) Importer(815301076,1909f56bfc062723c751e8b465ee728b)
Start importing Assets/Prefabs/Small Bullet.prefab using Guid(edcf5e7f207c7fb4c9d889ac04d554a7) Importer(815301076,1909f56bfc062723c751e8b465ee728b)  -> (artifact id: 'b124c1647af7429cb774fd9316aa62f9') in 0.030618 seconds
  Import took 0.037529 seconds .

========================================================================
Received Import Request.
  Time since last request: 11.089121 seconds.
  path: Assets/Prefabs/Bullet.prefab
  artifactKey: Guid(715f228795b33954199ec7f74f21e050) Importer(815301076,1909f56bfc062723c751e8b465ee728b)
Start importing Assets/Prefabs/Bullet.prefab using Guid(715f228795b33954199ec7f74f21e050) Importer(815301076,1909f56bfc062723c751e8b465ee728b)  -> (artifact id: '6455f3918a2eb5a1d3fbdfc6591e91c2') in 0.015158 seconds
  Import took 0.020075 seconds .

========================================================================
Received Import Request.
  Time since last request: 43.807565 seconds.
  path: Assets/Prefabs/Small Bullet.prefab
  artifactKey: Guid(edcf5e7f207c7fb4c9d889ac04d554a7) Importer(815301076,1909f56bfc062723c751e8b465ee728b)
Start importing Assets/Prefabs/Small Bullet.prefab using Guid(edcf5e7f207c7fb4c9d889ac04d554a7) Importer(815301076,1909f56bfc062723c751e8b465ee728b)  -> (artifact id: '77c3e2db086bacda746cd71a0cb6d16b') in 0.013924 seconds
  Import took 0.018313 seconds .

========================================================================
Received Import Request.
  Time since last request: 10.298790 seconds.
  path: Assets/Prefabs/Weapon.prefab
  artifactKey: Guid(64318f9e922c36549a9a1d182e94d1c5) Importer(815301076,1909f56bfc062723c751e8b465ee728b)
Start importing Assets/Prefabs/Weapon.prefab using Guid(64318f9e922c36549a9a1d182e94d1c5) Importer(815301076,1909f56bfc062723c751e8b465ee728b)  -> (artifact id: '7e3c3d424534bbcf9749f1efb2eee6d8') in 0.024979 seconds
  Import took 0.030409 seconds .

========================================================================
Received Import Request.
  Time since last request: 0.014666 seconds.
  path: Assets/Prefabs/Weapon.prefab
  artifactKey: Guid(64318f9e922c36549a9a1d182e94d1c5) Importer(815301076,1909f56bfc062723c751e8b465ee728b)
Start importing Assets/Prefabs/Weapon.prefab using Guid(64318f9e922c36549a9a1d182e94d1c5) Importer(815301076,1909f56bfc062723c751e8b465ee728b)  -> (artifact id: '7e3c3d424534bbcf9749f1efb2eee6d8') in 0.017028 seconds
  Import took 0.021329 seconds .

========================================================================
Received Import Request.
  Time since last request: 42.180872 seconds.
  path: Assets/Prefabs/Weapon.prefab
  artifactKey: Guid(64318f9e922c36549a9a1d182e94d1c5) Importer(815301076,1909f56bfc062723c751e8b465ee728b)
Start importing Assets/Prefabs/Weapon.prefab using Guid(64318f9e922c36549a9a1d182e94d1c5) Importer(815301076,1909f56bfc062723c751e8b465ee728b)  -> (artifact id: '60f72f171e034c3df328901709b90551') in 0.017360 seconds
  Import took 0.021641 seconds .

========================================================================
Received Import Request.
  Time since last request: 0.007387 seconds.
  path: Assets/Prefabs/Weapon.prefab
  artifactKey: Guid(64318f9e922c36549a9a1d182e94d1c5) Importer(815301076,1909f56bfc062723c751e8b465ee728b)
Start importing Assets/Prefabs/Weapon.prefab using Guid(64318f9e922c36549a9a1d182e94d1c5) Importer(815301076,1909f56bfc062723c751e8b465ee728b)  -> (artifact id: '60f72f171e034c3df328901709b90551') in 0.014410 seconds
  Import took 0.018376 seconds .

========================================================================
Received Import Request.
  Time since last request: 13.411424 seconds.
  path: Assets/Prefabs/Weapon 1.prefab
  artifactKey: Guid(46d0874ecc1327949808c8b1f7b28aa2) Importer(815301076,1909f56bfc062723c751e8b465ee728b)
Start importing Assets/Prefabs/Weapon 1.prefab using Guid(46d0874ecc1327949808c8b1f7b28aa2) Importer(815301076,1909f56bfc062723c751e8b465ee728b)  -> (artifact id: '59534531ce14583b97ce3e5fc771daca') in 0.034014 seconds
  Import took 0.039124 seconds .

========================================================================
Received Import Request.
  Time since last request: 0.019293 seconds.
  path: Assets/Prefabs/Weapon 1.prefab
  artifactKey: Guid(46d0874ecc1327949808c8b1f7b28aa2) Importer(815301076,1909f56bfc062723c751e8b465ee728b)
Start importing Assets/Prefabs/Weapon 1.prefab using Guid(46d0874ecc1327949808c8b1f7b28aa2) Importer(815301076,1909f56bfc062723c751e8b465ee728b)  -> (artifact id: '59534531ce14583b97ce3e5fc771daca') in 0.015932 seconds
  Import took 0.021079 seconds .

========================================================================
Received Import Request.
  Time since last request: 8.056691 seconds.
  path: Assets/Prefabs/Small.prefab
  artifactKey: Guid(46d0874ecc1327949808c8b1f7b28aa2) Importer(815301076,1909f56bfc062723c751e8b465ee728b)
Start importing Assets/Prefabs/Small.prefab using Guid(46d0874ecc1327949808c8b1f7b28aa2) Importer(815301076,1909f56bfc062723c751e8b465ee728b)  -> (artifact id: '7b83ff9e6e928653f7293180e1732644') in 0.026589 seconds
  Import took 0.032702 seconds .

========================================================================
Received Import Request.
  Time since last request: 0.002165 seconds.
  path: Assets/Prefabs/Small.prefab
  artifactKey: Guid(46d0874ecc1327949808c8b1f7b28aa2) Importer(815301076,1909f56bfc062723c751e8b465ee728b)
Start importing Assets/Prefabs/Small.prefab using Guid(46d0874ecc1327949808c8b1f7b28aa2) Importer(815301076,1909f56bfc062723c751e8b465ee728b)  -> (artifact id: '7b83ff9e6e928653f7293180e1732644') in 0.022773 seconds
  Import took 0.028789 seconds .

========================================================================
Received Import Request.
  Time since last request: 8.298508 seconds.
  path: Assets/Prefabs/Small Weapon.prefab
  artifactKey: Guid(46d0874ecc1327949808c8b1f7b28aa2) Importer(815301076,1909f56bfc062723c751e8b465ee728b)
Start importing Assets/Prefabs/Small Weapon.prefab using Guid(46d0874ecc1327949808c8b1f7b28aa2) Importer(815301076,1909f56bfc062723c751e8b465ee728b)  -> (artifact id: 'fa81ccb057e649bfe716d94b0a4b5266') in 0.024577 seconds
  Import took 0.029032 seconds .

========================================================================
Received Import Request.
  Time since last request: 0.000620 seconds.
  path: Assets/Prefabs/Small Weapon.prefab
  artifactKey: Guid(46d0874ecc1327949808c8b1f7b28aa2) Importer(815301076,1909f56bfc062723c751e8b465ee728b)
Start importing Assets/Prefabs/Small Weapon.prefab using Guid(46d0874ecc1327949808c8b1f7b28aa2) Importer(815301076,1909f56bfc062723c751e8b465ee728b)  -> (artifact id: 'fa81ccb057e649bfe716d94b0a4b5266') in 0.013240 seconds
  Import took 0.017949 seconds .

========================================================================
Received Import Request.
  Time since last request: 38.383715 seconds.
  path: Assets/Prefabs/Small Weapon.prefab
  artifactKey: Guid(46d0874ecc1327949808c8b1f7b28aa2) Importer(815301076,1909f56bfc062723c751e8b465ee728b)
Start importing Assets/Prefabs/Small Weapon.prefab using Guid(46d0874ecc1327949808c8b1f7b28aa2) Importer(815301076,1909f56bfc062723c751e8b465ee728b)  -> (artifact id: '38c1a4f67795f64cc451f22059ebef4b') in 0.032587 seconds
  Import took 0.036901 seconds .

========================================================================
Received Import Request.
  Time since last request: 3.122763 seconds.
  path: Assets/Prefabs/Small Weapon.prefab
  artifactKey: Guid(46d0874ecc1327949808c8b1f7b28aa2) Importer(815301076,1909f56bfc062723c751e8b465ee728b)
Start importing Assets/Prefabs/Small Weapon.prefab using Guid(46d0874ecc1327949808c8b1f7b28aa2) Importer(815301076,1909f56bfc062723c751e8b465ee728b)  -> (artifact id: 'c8cf47ea408af9d6dd0dcb7ea76e9192') in 0.017164 seconds
  Import took 0.022132 seconds .

========================================================================
Received Prepare
Registering precompiled user dll's ...
Registered in 0.001346 seconds.
Begin MonoManager ReloadAssembly
Native extension for LinuxStandalone target not found
Native extension for WindowsStandalone target not found
Native extension for WebGL target not found
Refreshing native plugins compatible for Editor in 0.46 ms, found 1 plugins.
Preloading 0 native plugins for Editor in 0.00 ms.
Mono: successfully reloaded assembly
- Completed reload, in  1.513 seconds
Platform modules already initialized, skipping
Refreshing native plugins compatible for Editor in 0.71 ms, found 1 plugins.
Preloading 0 native plugins for Editor in 0.00 ms.
Unloading 1806 Unused Serialized files (Serialized files now loaded: 0)
System memory in use before: 88.3 MB.
System memory in use after: 88.3 MB.

Unloading 12 unused Assets to reduce memory usage. Loaded Objects now: 2360.
Total: 4.285100 ms (FindLiveObjects: 0.352700 ms CreateObjectMapping: 0.113000 ms MarkObjects: 3.601200 ms  DeleteObjects: 0.215800 ms)

========================================================================
Received Import Request.
  Time since last request: 277.221549 seconds.
  path: Assets/Scripts/EnemyPatrol.cs
  artifactKey: Guid(84f9c0ef1ebc6f84e98dbbbb52b13557) Importer(815301076,1909f56bfc062723c751e8b465ee728b)
Start importing Assets/Scripts/EnemyPatrol.cs using Guid(84f9c0ef1ebc6f84e98dbbbb52b13557) Importer(815301076,1909f56bfc062723c751e8b465ee728b)  -> (artifact id: '11d84a28a5147b294974c5aa5ce6a314') in 0.016005 seconds
  Import took 0.021012 seconds .

========================================================================
Received Prepare
Registering precompiled user dll's ...
Registered in 0.000886 seconds.
Begin MonoManager ReloadAssembly
Native extension for LinuxStandalone target not found
Native extension for WindowsStandalone target not found
Native extension for WebGL target not found
Refreshing native plugins compatible for Editor in 0.52 ms, found 1 plugins.
Preloading 0 native plugins for Editor in 0.00 ms.
Mono: successfully reloaded assembly
- Completed reload, in  1.025 seconds
Platform modules already initialized, skipping
Refreshing native plugins compatible for Editor in 0.37 ms, found 1 plugins.
Preloading 0 native plugins for Editor in 0.00 ms.
Unloading 1807 Unused Serialized files (Serialized files now loaded: 0)
System memory in use before: 88.3 MB.
System memory in use after: 88.3 MB.

Unloading 12 unused Assets to reduce memory usage. Loaded Objects now: 2365.
Total: 5.898800 ms (FindLiveObjects: 1.636500 ms CreateObjectMapping: 0.283800 ms MarkObjects: 3.741200 ms  DeleteObjects: 0.214400 ms)

========================================================================
Received Prepare
Registering precompiled user dll's ...
Registered in 0.002116 seconds.
Begin MonoManager ReloadAssembly
Native extension for LinuxStandalone target not found
Native extension for WindowsStandalone target not found
Native extension for WebGL target not found
Refreshing native plugins compatible for Editor in 0.86 ms, found 1 plugins.
Preloading 0 native plugins for Editor in 0.00 ms.
Mono: successfully reloaded assembly
- Completed reload, in  1.437 seconds
Platform modules already initialized, skipping
Refreshing native plugins compatible for Editor in 0.80 ms, found 1 plugins.
Preloading 0 native plugins for Editor in 0.00 ms.
Unloading 1807 Unused Serialized files (Serialized files now loaded: 0)
System memory in use before: 88.3 MB.
System memory in use after: 88.3 MB.

Unloading 12 unused Assets to reduce memory usage. Loaded Objects now: 2369.
Total: 5.134700 ms (FindLiveObjects: 1.578300 ms CreateObjectMapping: 0.315700 ms MarkObjects: 3.080900 ms  DeleteObjects: 0.157800 ms)

========================================================================
Received Import Request.
  Time since last request: 1059.841664 seconds.
  path: Assets/Scripts/EnemyPatrol.cs
  artifactKey: Guid(84f9c0ef1ebc6f84e98dbbbb52b13557) Importer(815301076,1909f56bfc062723c751e8b465ee728b)
Start importing Assets/Scripts/EnemyPatrol.cs using Guid(84f9c0ef1ebc6f84e98dbbbb52b13557) Importer(815301076,1909f56bfc062723c751e8b465ee728b)  -> (artifact id: 'f85b1b26b6f9ad9c0d1acde8883943e0') in 0.009150 seconds
  Import took 0.013403 seconds .

========================================================================
Received Prepare
Registering precompiled user dll's ...
Registered in 0.003860 seconds.
Begin MonoManager ReloadAssembly
Native extension for LinuxStandalone target not found
Native extension for WindowsStandalone target not found
Native extension for WebGL target not found
Refreshing native plugins compatible for Editor in 0.48 ms, found 1 plugins.
Preloading 0 native plugins for Editor in 0.00 ms.
Mono: successfully reloaded assembly
- Completed reload, in  1.258 seconds
Platform modules already initialized, skipping
Refreshing native plugins compatible for Editor in 0.66 ms, found 1 plugins.
Preloading 0 native plugins for Editor in 0.00 ms.
Unloading 1807 Unused Serialized files (Serialized files now loaded: 0)
System memory in use before: 88.3 MB.
System memory in use after: 88.3 MB.

Unloading 12 unused Assets to reduce memory usage. Loaded Objects now: 2373.
Total: 3.242400 ms (FindLiveObjects: 0.656000 ms CreateObjectMapping: 0.099100 ms MarkObjects: 2.336900 ms  DeleteObjects: 0.148100 ms)

========================================================================
Received Import Request.
  Time since last request: 98.356100 seconds.
  path: Assets/Scripts/EnemyPatrol.cs
  artifactKey: Guid(84f9c0ef1ebc6f84e98dbbbb52b13557) Importer(815301076,1909f56bfc062723c751e8b465ee728b)
Start importing Assets/Scripts/EnemyPatrol.cs using Guid(84f9c0ef1ebc6f84e98dbbbb52b13557) Importer(815301076,1909f56bfc062723c751e8b465ee728b)  -> (artifact id: '7f1c679923f34c63e3f8714adae3f4bc') in 0.009520 seconds
  Import took 0.013442 seconds .

========================================================================
Received Prepare
Registering precompiled user dll's ...
Registered in 0.001305 seconds.
Begin MonoManager ReloadAssembly
Native extension for LinuxStandalone target not found
Native extension for WindowsStandalone target not found
Native extension for WebGL target not found
Refreshing native plugins compatible for Editor in 0.49 ms, found 1 plugins.
Preloading 0 native plugins for Editor in 0.00 ms.
Mono: successfully reloaded assembly
- Completed reload, in  1.474 seconds
Platform modules already initialized, skipping
Refreshing native plugins compatible for Editor in 0.41 ms, found 1 plugins.
Preloading 0 native plugins for Editor in 0.00 ms.
Unloading 1807 Unused Serialized files (Serialized files now loaded: 0)
System memory in use before: 88.4 MB.
System memory in use after: 88.3 MB.

Unloading 12 unused Assets to reduce memory usage. Loaded Objects now: 2377.
Total: 2.393300 ms (FindLiveObjects: 0.235500 ms CreateObjectMapping: 0.058400 ms MarkObjects: 1.961800 ms  DeleteObjects: 0.136400 ms)

========================================================================
Received Prepare
Registering precompiled user dll's ...
Registered in 0.001458 seconds.
Begin MonoManager ReloadAssembly
Native extension for LinuxStandalone target not found
Native extension for WindowsStandalone target not found
Native extension for WebGL target not found
Refreshing native plugins compatible for Editor in 0.72 ms, found 1 plugins.
Preloading 0 native plugins for Editor in 0.00 ms.
Mono: successfully reloaded assembly
- Completed reload, in  1.421 seconds
Platform modules already initialized, skipping
Refreshing native plugins compatible for Editor in 0.73 ms, found 1 plugins.
Preloading 0 native plugins for Editor in 0.00 ms.
Unloading 1807 Unused Serialized files (Serialized files now loaded: 0)
System memory in use before: 88.4 MB.
System memory in use after: 88.3 MB.

Unloading 12 unused Assets to reduce memory usage. Loaded Objects now: 2381.
Total: 4.471200 ms (FindLiveObjects: 0.354900 ms CreateObjectMapping: 0.095200 ms MarkObjects: 3.880700 ms  DeleteObjects: 0.138400 ms)

========================================================================
Received Prepare
Registering precompiled user dll's ...
Registered in 0.002476 seconds.
Begin MonoManager ReloadAssembly
Native extension for LinuxStandalone target not found
Native extension for WindowsStandalone target not found
Native extension for WebGL target not found
Refreshing native plugins compatible for Editor in 0.49 ms, found 1 plugins.
Preloading 0 native plugins for Editor in 0.00 ms.
Mono: successfully reloaded assembly
- Completed reload, in  1.368 seconds
Platform modules already initialized, skipping
Refreshing native plugins compatible for Editor in 0.47 ms, found 1 plugins.
Preloading 0 native plugins for Editor in 0.00 ms.
Unloading 1807 Unused Serialized files (Serialized files now loaded: 0)
System memory in use before: 88.4 MB.
System memory in use after: 88.3 MB.

Unloading 12 unused Assets to reduce memory usage. Loaded Objects now: 2385.
Total: 2.938100 ms (FindLiveObjects: 0.514300 ms CreateObjectMapping: 0.062100 ms MarkObjects: 2.221500 ms  DeleteObjects: 0.138300 ms)

========================================================================
Received Prepare
Registering precompiled user dll's ...
Registered in 0.001946 seconds.
Begin MonoManager ReloadAssembly
Native extension for LinuxStandalone target not found
Native extension for WindowsStandalone target not found
Native extension for WebGL target not found
Refreshing native plugins compatible for Editor in 0.58 ms, found 1 plugins.
Preloading 0 native plugins for Editor in 0.00 ms.
Mono: successfully reloaded assembly
- Completed reload, in  1.442 seconds
Platform modules already initialized, skipping
Refreshing native plugins compatible for Editor in 0.51 ms, found 1 plugins.
Preloading 0 native plugins for Editor in 0.00 ms.
Unloading 1807 Unused Serialized files (Serialized files now loaded: 0)
System memory in use before: 88.4 MB.
System memory in use after: 88.4 MB.

Unloading 12 unused Assets to reduce memory usage. Loaded Objects now: 2389.
Total: 5.501300 ms (FindLiveObjects: 0.312000 ms CreateObjectMapping: 0.072700 ms MarkObjects: 4.681300 ms  DeleteObjects: 0.431800 ms)

========================================================================
Received Prepare
Registering precompiled user dll's ...
Registered in 0.001808 seconds.
Begin MonoManager ReloadAssembly
Native extension for LinuxStandalone target not found
Native extension for WindowsStandalone target not found
Native extension for WebGL target not found
Refreshing native plugins compatible for Editor in 0.51 ms, found 1 plugins.
Preloading 0 native plugins for Editor in 0.00 ms.
Mono: successfully reloaded assembly
- Completed reload, in  1.578 seconds
Platform modules already initialized, skipping
Refreshing native plugins compatible for Editor in 0.48 ms, found 1 plugins.
Preloading 0 native plugins for Editor in 0.00 ms.
Unloading 1807 Unused Serialized files (Serialized files now loaded: 0)
System memory in use before: 88.4 MB.
System memory in use after: 88.4 MB.

Unloading 12 unused Assets to reduce memory usage. Loaded Objects now: 2393.
Total: 3.258400 ms (FindLiveObjects: 0.374500 ms CreateObjectMapping: 0.060500 ms MarkObjects: 2.622000 ms  DeleteObjects: 0.198500 ms)

========================================================================
Received Prepare
Registering precompiled user dll's ...
Registered in 0.001793 seconds.
Begin MonoManager ReloadAssembly
Native extension for LinuxStandalone target not found
Native extension for WindowsStandalone target not found
Native extension for WebGL target not found
Refreshing native plugins compatible for Editor in 0.56 ms, found 1 plugins.
Preloading 0 native plugins for Editor in 0.00 ms.
Mono: successfully reloaded assembly
- Completed reload, in  1.407 seconds
Platform modules already initialized, skipping
Refreshing native plugins compatible for Editor in 0.62 ms, found 1 plugins.
Preloading 0 native plugins for Editor in 0.00 ms.
Unloading 1807 Unused Serialized files (Serialized files now loaded: 0)
System memory in use before: 88.4 MB.
System memory in use after: 88.4 MB.

Unloading 12 unused Assets to reduce memory usage. Loaded Objects now: 2397.
Total: 3.162300 ms (FindLiveObjects: 0.595700 ms CreateObjectMapping: 0.071100 ms MarkObjects: 2.352300 ms  DeleteObjects: 0.141400 ms)

========================================================================
Received Prepare
Registering precompiled user dll's ...
Registered in 0.001281 seconds.
Begin MonoManager ReloadAssembly
Native extension for LinuxStandalone target not found
Native extension for WindowsStandalone target not found
Native extension for WebGL target not found
Refreshing native plugins compatible for Editor in 1.30 ms, found 1 plugins.
Preloading 0 native plugins for Editor in 0.00 ms.
Mono: successfully reloaded assembly
- Completed reload, in  1.367 seconds
Platform modules already initialized, skipping
Refreshing native plugins compatible for Editor in 0.47 ms, found 1 plugins.
Preloading 0 native plugins for Editor in 0.00 ms.
Unloading 1807 Unused Serialized files (Serialized files now loaded: 0)
System memory in use before: 88.4 MB.
System memory in use after: 88.4 MB.

Unloading 12 unused Assets to reduce memory usage. Loaded Objects now: 2401.
Total: 3.542300 ms (FindLiveObjects: 0.376000 ms CreateObjectMapping: 0.081900 ms MarkObjects: 2.945300 ms  DeleteObjects: 0.137600 ms)

========================================================================
Received Import Request.
  Time since last request: 371.605217 seconds.
  path: Assets/Prefabs/Enemy.prefab
  artifactKey: Guid(81bdf9487283de8499e41473d48ce853) Importer(815301076,1909f56bfc062723c751e8b465ee728b)
Start importing Assets/Prefabs/Enemy.prefab using Guid(81bdf9487283de8499e41473d48ce853) Importer(815301076,1909f56bfc062723c751e8b465ee728b)  -> (artifact id: 'dcb715754cf4999348ab3b25cc38c036') in 0.100945 seconds
  Import took 0.105973 seconds .

========================================================================
Received Import Request.
  Time since last request: 0.000908 seconds.
  path: Assets/Prefabs/Enemy.prefab
  artifactKey: Guid(81bdf9487283de8499e41473d48ce853) Importer(815301076,1909f56bfc062723c751e8b465ee728b)
Start importing Assets/Prefabs/Enemy.prefab using Guid(81bdf9487283de8499e41473d48ce853) Importer(815301076,1909f56bfc062723c751e8b465ee728b)  -> (artifact id: 'dcb715754cf4999348ab3b25cc38c036') in 0.041920 seconds
  Import took 0.048396 seconds .

========================================================================
Received Import Request.
  Time since last request: 44.488639 seconds.
  path: Assets/Prefabs/Enemy.prefab
  artifactKey: Guid(81bdf9487283de8499e41473d48ce853) Importer(815301076,1909f56bfc062723c751e8b465ee728b)
Start importing Assets/Prefabs/Enemy.prefab using Guid(81bdf9487283de8499e41473d48ce853) Importer(815301076,1909f56bfc062723c751e8b465ee728b)  -> (artifact id: 'ae2cbb93eb8eda952e32bc7931516df6') in 0.034006 seconds
  Import took 0.039919 seconds .

========================================================================
Received Import Request.
  Time since last request: 4.973353 seconds.
  path: Assets/Prefabs/Enemy.prefab
  artifactKey: Guid(81bdf9487283de8499e41473d48ce853) Importer(815301076,1909f56bfc062723c751e8b465ee728b)
Start importing Assets/Prefabs/Enemy.prefab using Guid(81bdf9487283de8499e41473d48ce853) Importer(815301076,1909f56bfc062723c751e8b465ee728b)  -> (artifact id: 'e3eb7f392e553ac4a4c68ef3c6555ac8') in 0.032418 seconds
  Import took 0.036691 seconds .

========================================================================
Received Import Request.
  Time since last request: 7.274321 seconds.
  path: Assets/Prefabs/Enemy.prefab
  artifactKey: Guid(81bdf9487283de8499e41473d48ce853) Importer(815301076,1909f56bfc062723c751e8b465ee728b)
Start importing Assets/Prefabs/Enemy.prefab using Guid(81bdf9487283de8499e41473d48ce853) Importer(815301076,1909f56bfc062723c751e8b465ee728b)  -> (artifact id: '448f1850b25134c27de2c9b6a334f31e') in 0.031515 seconds
  Import took 0.037443 seconds .

========================================================================
Received Import Request.
  Time since last request: 1.998118 seconds.
  path: Assets/Prefabs/Enemy.prefab
  artifactKey: Guid(81bdf9487283de8499e41473d48ce853) Importer(815301076,1909f56bfc062723c751e8b465ee728b)
Start importing Assets/Prefabs/Enemy.prefab using Guid(81bdf9487283de8499e41473d48ce853) Importer(815301076,1909f56bfc062723c751e8b465ee728b)  -> (artifact id: '25a6d863694161f7dd7c21965a028781') in 0.025749 seconds
  Import took 0.029570 seconds .

AssetImportWorkerClient::OnTransportError - code=2 error=End of file
